<?xml version="1.0" encoding="UTF-8"?>
<!-- Generated by org.testng.reporters.JUnitReportReporter -->
<testsuite hostname="SRIKANTH" failures="0" tests="3" name="com.guru.qa.testcases.LoginPageTest" time="25.394" errors="0" timestamp="2024-05-31T00:08:07 IST" skipped="0">
  <testcase classname="com.guru.qa.testcases.LoginPageTest" name="validateTitle" time="9.446"/>
  <system-out/>
  <testcase classname="com.guru.qa.testcases.LoginPageTest" name="validateLogo" time="5.758"/>
  <system-out/>
  <testcase classname="com.guru.qa.testcases.LoginPageTest" name="loginToApp" time="10.190"/>
  <system-out/>
</testsuite> <!-- com.guru.qa.testcases.LoginPageTest -->
