<?xml version="1.0" encoding="UTF-8"?>
<!-- Generated by org.testng.reporters.JUnitReportReporter -->
<testsuite hostname="SRIKANTH" failures="0" tests="3" name="com.guru.qa.testcases.LoginPageTest" time="61.122" errors="0" timestamp="2024-05-31T10:57:55 IST" skipped="0">
  <testcase classname="com.guru.qa.testcases.LoginPageTest" name="validateTitle" time="19.256"/>
  <system-out/>
  <testcase classname="com.guru.qa.testcases.LoginPageTest" name="validateLogo" time="13.264"/>
  <system-out/>
  <testcase classname="com.guru.qa.testcases.LoginPageTest" name="loginToApp" time="28.602"/>
  <system-out/>
</testsuite> <!-- com.guru.qa.testcases.LoginPageTest -->
