<?xml version="1.0" encoding="UTF-8"?>
<!-- Generated by org.testng.reporters.JUnitReportReporter -->
<testsuite hostname="SRIKANTH" failures="0" tests="3" name="com.guru.qa.testcases.HomePageTest" time="52.365" errors="0" timestamp="2024-05-31T11:56:20 IST" skipped="0">
  <testcase classname="com.guru.qa.testcases.HomePageTest" name="validateTitle" time="18.300"/>
  <system-out/>
  <testcase classname="com.guru.qa.testcases.HomePageTest" name="validateLogo" time="16.250"/>
  <system-out/>
  <testcase classname="com.guru.qa.testcases.HomePageTest" name="navigateToNewCustomerPage" time="17.815"/>
  <system-out/>
</testsuite> <!-- com.guru.qa.testcases.HomePageTest -->
